# JRE version: OpenJDK Runtime Environment Temurin-17.0.6+10 (17.0.6+10) (build 17.0.6+10)
# Java VM: OpenJDK 64-Bit Server VM Temurin-17.0.6+10 (17.0.6+10, mixed mode, tiered, compressed oops, compressed class ptrs, parallel gc, windows-amd64)
GC Precious Log:
 CPUs: 8 total, 8 available
 Memory: 7986M
 Large Page Support: Disabled
 NUMA Support: Disabled
 Compressed Oops: Enabled (32-bit)
 Alignments: Space 512K, Generation 512K, Heap 2M
 Heap Min Capacity: 100M
 Heap Initial Capacity: 100M
 Heap Max Capacity: 1G
 Pre-touch: Disabled
 Parallel Workers: 8
Heap:
 PSYoungGen      total 8192K, used 7516K [0x00000000eab00000, 0x00000000eb580000, 0x0000000100000000)
  eden space 6656K, 91% used [0x00000000eab00000,0x00000000eb0ec458,0x00000000eb180000)
  from space 1536K, 94% used [0x00000000eb380000,0x00000000eb4ecc70,0x00000000eb500000)
  to   space 2048K, 0% used [0x00000000eb180000,0x00000000eb180000,0x00000000eb380000)
 ParOldGen       total 118784K, used 110148K [0x00000000c0000000, 0x00000000c7400000, 0x00000000eab00000)
  object space 118784K, 92% used [0x00000000c0000000,0x00000000c6b91168,0x00000000c7400000)
 Metaspace       used 56735K, committed 57600K, reserved 1105920K
  class space    used 6164K, committed 6528K, reserved 1048576K
GC Heap History (20 events):
Event: 11.281 GC heap before
{Heap before GC invocations=61 (full 4):
 PSYoungGen      total 8704K, used 8236K [0x00000000eab00000, 0x00000000eb580000, 0x0000000100000000)
  eden space 6656K, 100% used [0x00000000eab00000,0x00000000eb180000,0x00000000eb180000)
  from space 2048K, 77% used [0x00000000eb380000,0x00000000eb50b010,0x00000000eb580000)
  to   space 2048K, 0% used [0x00000000eb180000,0x00000000eb180000,0x00000000eb380000)
 ParOldGen       total 118784K, used 92650K [0x00000000c0000000, 0x00000000c7400000, 0x00000000eab00000)
  object space 118784K, 77% used [0x00000000c0000000,0x00000000c5a7abe8,0x00000000c7400000)
 Metaspace       used 55358K, committed 56256K, reserved 1105920K
  class space    used 6034K, committed 6400K, reserved 1048576K
}
Event: 11.283 GC heap after
{Heap after GC invocations=61 (full 4):
 PSYoungGen      total 8704K, used 2029K [0x00000000eab00000, 0x00000000eb880000, 0x0000000100000000)
  eden space 6656K, 0% used [0x00000000eab00000,0x00000000eab00000,0x00000000eb180000)
  from space 2048K, 99% used [0x00000000eb180000,0x00000000eb37b638,0x00000000eb380000)
  to   space 3584K, 0% used [0x00000000eb500000,0x00000000eb500000,0x00000000eb880000)
 ParOldGen       total 118784K, used 93656K [0x00000000c0000000, 0x00000000c7400000, 0x00000000eab00000)
  object space 118784K, 78% used [0x00000000c0000000,0x00000000c5b76160,0x00000000c7400000)
 Metaspace       used 55358K, committed 56256K, reserved 1105920K
  class space    used 6034K, committed 6400K, reserved 1048576K
}
Event: 11.387 GC heap before
{Heap before GC invocations=62 (full 4):
 PSYoungGen      total 8704K, used 8685K [0x00000000eab00000, 0x00000000eb880000, 0x0000000100000000)
  eden space 6656K, 100% used [0x00000000eab00000,0x00000000eb180000,0x00000000eb180000)
  from space 2048K, 99% used [0x00000000eb180000,0x00000000eb37b638,0x00000000eb380000)
  to   space 3584K, 0% used [0x00000000eb500000,0x00000000eb500000,0x00000000eb880000)
 ParOldGen       total 118784K, used 93656K [0x00000000c0000000, 0x00000000c7400000, 0x00000000eab00000)
  object space 118784K, 78% used [0x00000000c0000000,0x00000000c5b76160,0x00000000c7400000)
 Metaspace       used 55358K, committed 56256K, reserved 1105920K
  class space    used 6034K, committed 6400K, reserved 1048576K
}
Event: 11.393 GC heap after
{Heap after GC invocations=62 (full 4):
 PSYoungGen      total 9728K, used 2882K [0x00000000eab00000, 0x00000000eb800000, 0x0000000100000000)
  eden space 6656K, 0% used [0x00000000eab00000,0x00000000eab00000,0x00000000eb180000)
  from space 3072K, 93% used [0x00000000eb500000,0x00000000eb7d0890,0x00000000eb800000)
  to   space 3072K, 0% used [0x00000000eb200000,0x00000000eb200000,0x00000000eb500000)
 ParOldGen       total 118784K, used 95632K [0x00000000c0000000, 0x00000000c7400000, 0x00000000eab00000)
  object space 118784K, 80% used [0x00000000c0000000,0x00000000c5d641f0,0x00000000c7400000)
 Metaspace       used 55358K, committed 56256K, reserved 1105920K
  class space    used 6034K, committed 6400K, reserved 1048576K
}
Event: 11.462 GC heap before
{Heap before GC invocations=63 (full 4):
 PSYoungGen      total 9728K, used 9538K [0x00000000eab00000, 0x00000000eb800000, 0x0000000100000000)
  eden space 6656K, 100% used [0x00000000eab00000,0x00000000eb180000,0x00000000eb180000)
  from space 3072K, 93% used [0x00000000eb500000,0x00000000eb7d0890,0x00000000eb800000)
  to   space 3072K, 0% used [0x00000000eb200000,0x00000000eb200000,0x00000000eb500000)
 ParOldGen       total 118784K, used 95632K [0x00000000c0000000, 0x00000000c7400000, 0x00000000eab00000)
  object space 118784K, 80% used [0x00000000c0000000,0x00000000c5d641f0,0x00000000c7400000)
 Metaspace       used 55462K, committed 56320K, reserved 1105920K
  class space    used 6048K, committed 6400K, reserved 1048576K
}
Event: 11.466 GC heap after
{Heap after GC invocations=63 (full 4):
 PSYoungGen      total 9728K, used 3063K [0x00000000eab00000, 0x00000000eba80000, 0x0000000100000000)
  eden space 6656K, 0% used [0x00000000eab00000,0x00000000eab00000,0x00000000eb180000)
  from space 3072K, 99% used [0x00000000eb200000,0x00000000eb4fddc0,0x00000000eb500000)
  to   space 4608K, 0% used [0x00000000eb600000,0x00000000eb600000,0x00000000eba80000)
 ParOldGen       total 118784K, used 96757K [0x00000000c0000000, 0x00000000c7400000, 0x00000000eab00000)
  object space 118784K, 81% used [0x00000000c0000000,0x00000000c5e7d7f8,0x00000000c7400000)
 Metaspace       used 55462K, committed 56320K, reserved 1105920K
  class space    used 6048K, committed 6400K, reserved 1048576K
}
Event: 11.544 GC heap before
{Heap before GC invocations=64 (full 4):
 PSYoungGen      total 9728K, used 9716K [0x00000000eab00000, 0x00000000eba80000, 0x0000000100000000)
  eden space 6656K, 99% used [0x00000000eab00000,0x00000000eb17f570,0x00000000eb180000)
  from space 3072K, 99% used [0x00000000eb200000,0x00000000eb4fddc0,0x00000000eb500000)
  to   space 4608K, 0% used [0x00000000eb600000,0x00000000eb600000,0x00000000eba80000)
 ParOldGen       total 118784K, used 96757K [0x00000000c0000000, 0x00000000c7400000, 0x00000000eab00000)
  object space 118784K, 81% used [0x00000000c0000000,0x00000000c5e7d7f8,0x00000000c7400000)
 Metaspace       used 55464K, committed 56320K, reserved 1105920K
  class space    used 6048K, committed 6400K, reserved 1048576K
}
Event: 11.551 GC heap after
{Heap after GC invocations=64 (full 4):
 PSYoungGen      total 8704K, used 1539K [0x00000000eab00000, 0x00000000eb800000, 0x0000000100000000)
  eden space 6656K, 0% used [0x00000000eab00000,0x00000000eab00000,0x00000000eb180000)
  from space 2048K, 75% used [0x00000000eb600000,0x00000000eb780c50,0x00000000eb800000)
  to   space 2560K, 0% used [0x00000000eb300000,0x00000000eb300000,0x00000000eb580000)
 ParOldGen       total 118784K, used 99834K [0x00000000c0000000, 0x00000000c7400000, 0x00000000eab00000)
  object space 118784K, 84% used [0x00000000c0000000,0x00000000c617eac8,0x00000000c7400000)
 Metaspace       used 55464K, committed 56320K, reserved 1105920K
  class space    used 6048K, committed 6400K, reserved 1048576K
}
Event: 11.627 GC heap before
{Heap before GC invocations=65 (full 4):
 PSYoungGen      total 8704K, used 8195K [0x00000000eab00000, 0x00000000eb800000, 0x0000000100000000)
  eden space 6656K, 100% used [0x00000000eab00000,0x00000000eb180000,0x00000000eb180000)
  from space 2048K, 75% used [0x00000000eb600000,0x00000000eb780c50,0x00000000eb800000)
  to   space 2560K, 0% used [0x00000000eb300000,0x00000000eb300000,0x00000000eb580000)
 ParOldGen       total 118784K, used 99834K [0x00000000c0000000, 0x00000000c7400000, 0x00000000eab00000)
  object space 118784K, 84% used [0x00000000c0000000,0x00000000c617eac8,0x00000000c7400000)
 Metaspace       used 55464K, committed 56320K, reserved 1105920K
  class space    used 6048K, committed 6400K, reserved 1048576K
}
Event: 11.631 GC heap after
{Heap after GC invocations=65 (full 4):
 PSYoungGen      total 8192K, used 1448K [0x00000000eab00000, 0x00000000eb680000, 0x0000000100000000)
  eden space 6656K, 0% used [0x00000000eab00000,0x00000000eab00000,0x00000000eb180000)
  from space 1536K, 94% used [0x00000000eb300000,0x00000000eb46a320,0x00000000eb480000)
  to   space 2048K, 0% used [0x00000000eb480000,0x00000000eb480000,0x00000000eb680000)
 ParOldGen       total 118784K, used 101254K [0x00000000c0000000, 0x00000000c7400000, 0x00000000eab00000)
  object space 118784K, 85% used [0x00000000c0000000,0x00000000c62e1bf0,0x00000000c7400000)
 Metaspace       used 55464K, committed 56320K, reserved 1105920K
  class space    used 6048K, committed 6400K, reserved 1048576K
}
Event: 11.710 GC heap before
{Heap before GC invocations=66 (full 4):
 PSYoungGen      total 8192K, used 8096K [0x00000000eab00000, 0x00000000eb680000, 0x0000000100000000)
  eden space 6656K, 99% used [0x00000000eab00000,0x00000000eb17dd80,0x00000000eb180000)
  from space 1536K, 94% used [0x00000000eb300000,0x00000000eb46a320,0x00000000eb480000)
  to   space 2048K, 0% used [0x00000000eb480000,0x00000000eb480000,0x00000000eb680000)
 ParOldGen       total 118784K, used 101254K [0x00000000c0000000, 0x00000000c7400000, 0x00000000eab00000)
  object space 118784K, 85% used [0x00000000c0000000,0x00000000c62e1bf0,0x00000000c7400000)
 Metaspace       used 55563K, committed 56448K, reserved 1105920K
  class space    used 6056K, committed 6464K, reserved 1048576K
}
Event: 11.713 GC heap after
{Heap after GC invocations=66 (full 4):
 PSYoungGen      total 8192K, used 1348K [0x00000000eab00000, 0x00000000eb600000, 0x0000000100000000)
  eden space 6656K, 0% used [0x00000000eab00000,0x00000000eab00000,0x00000000eb180000)
  from space 1536K, 87% used [0x00000000eb480000,0x00000000eb5d1370,0x00000000eb600000)
  to   space 1536K, 0% used [0x00000000eb300000,0x00000000eb300000,0x00000000eb480000)
 ParOldGen       total 118784K, used 102624K [0x00000000c0000000, 0x00000000c7400000, 0x00000000eab00000)
  object space 118784K, 86% used [0x00000000c0000000,0x00000000c64381e8,0x00000000c7400000)
 Metaspace       used 55563K, committed 56448K, reserved 1105920K
  class space    used 6056K, committed 6464K, reserved 1048576K
}
Event: 11.779 GC heap before
{Heap before GC invocations=67 (full 4):
 PSYoungGen      total 8192K, used 8004K [0x00000000eab00000, 0x00000000eb600000, 0x0000000100000000)
  eden space 6656K, 100% used [0x00000000eab00000,0x00000000eb180000,0x00000000eb180000)
  from space 1536K, 87% used [0x00000000eb480000,0x00000000eb5d1370,0x00000000eb600000)
  to   space 1536K, 0% used [0x00000000eb300000,0x00000000eb300000,0x00000000eb480000)
 ParOldGen       total 118784K, used 102624K [0x00000000c0000000, 0x00000000c7400000, 0x00000000eab00000)
  object space 118784K, 86% used [0x00000000c0000000,0x00000000c64381e8,0x00000000c7400000)
 Metaspace       used 55777K, committed 56704K, reserved 1105920K
  class space    used 6072K, committed 6464K, reserved 1048576K
}
Event: 11.782 GC heap after
{Heap after GC invocations=67 (full 4):
 PSYoungGen      total 8192K, used 1360K [0x00000000eab00000, 0x00000000eb500000, 0x0000000100000000)
  eden space 6656K, 0% used [0x00000000eab00000,0x00000000eab00000,0x00000000eb180000)
  from space 1536K, 88% used [0x00000000eb300000,0x00000000eb454398,0x00000000eb480000)
  to   space 512K, 0% used [0x00000000eb480000,0x00000000eb480000,0x00000000eb500000)
 ParOldGen       total 118784K, used 103802K [0x00000000c0000000, 0x00000000c7400000, 0x00000000eab00000)
  object space 118784K, 87% used [0x00000000c0000000,0x00000000c655e998,0x00000000c7400000)
 Metaspace       used 55777K, committed 56704K, reserved 1105920K
  class space    used 6072K, committed 6464K, reserved 1048576K
}
Event: 11.874 GC heap before
{Heap before GC invocations=68 (full 4):
 PSYoungGen      total 8192K, used 8016K [0x00000000eab00000, 0x00000000eb500000, 0x0000000100000000)
  eden space 6656K, 100% used [0x00000000eab00000,0x00000000eb180000,0x00000000eb180000)
  from space 1536K, 88% used [0x00000000eb300000,0x00000000eb454398,0x00000000eb480000)
  to   space 512K, 0% used [0x00000000eb480000,0x00000000eb480000,0x00000000eb500000)
 ParOldGen       total 118784K, used 103802K [0x00000000c0000000, 0x00000000c7400000, 0x00000000eab00000)
  object space 118784K, 87% used [0x00000000c0000000,0x00000000c655e998,0x00000000c7400000)
 Metaspace       used 55805K, committed 56704K, reserved 1105920K
  class space    used 6075K, committed 6464K, reserved 1048576K
}
Event: 11.877 GC heap after
{Heap after GC invocations=68 (full 4):
 PSYoungGen      total 7168K, used 507K [0x00000000eab00000, 0x00000000eb780000, 0x0000000100000000)
  eden space 6656K, 0% used [0x00000000eab00000,0x00000000eab00000,0x00000000eb180000)
  from space 512K, 99% used [0x00000000eb480000,0x00000000eb4fec48,0x00000000eb500000)
  to   space 3072K, 0% used [0x00000000eb180000,0x00000000eb180000,0x00000000eb480000)
 ParOldGen       total 118784K, used 105815K [0x00000000c0000000, 0x00000000c7400000, 0x00000000eab00000)
  object space 118784K, 89% used [0x00000000c0000000,0x00000000c6755fb8,0x00000000c7400000)
 Metaspace       used 55805K, committed 56704K, reserved 1105920K
  class space    used 6075K, committed 6464K, reserved 1048576K
}
Event: 11.968 GC heap before
{Heap before GC invocations=69 (full 4):
 PSYoungGen      total 7168K, used 7163K [0x00000000eab00000, 0x00000000eb780000, 0x0000000100000000)
  eden space 6656K, 100% used [0x00000000eab00000,0x00000000eb180000,0x00000000eb180000)
  from space 512K, 99% used [0x00000000eb480000,0x00000000eb4fec48,0x00000000eb500000)
  to   space 3072K, 0% used [0x00000000eb180000,0x00000000eb180000,0x00000000eb480000)
 ParOldGen       total 118784K, used 105815K [0x00000000c0000000, 0x00000000c7400000, 0x00000000eab00000)
  object space 118784K, 89% used [0x00000000c0000000,0x00000000c6755fb8,0x00000000c7400000)
 Metaspace       used 55886K, committed 56768K, reserved 1105920K
  class space    used 6076K, committed 6464K, reserved 1048576K
}
Event: 11.970 GC heap after
{Heap after GC invocations=69 (full 4):
 PSYoungGen      total 8192K, used 1396K [0x00000000eab00000, 0x00000000eb580000, 0x0000000100000000)
  eden space 6656K, 0% used [0x00000000eab00000,0x00000000eab00000,0x00000000eb180000)
  from space 1536K, 90% used [0x00000000eb180000,0x00000000eb2dd128,0x00000000eb300000)
  to   space 2048K, 0% used [0x00000000eb380000,0x00000000eb380000,0x00000000eb580000)
 ParOldGen       total 118784K, used 106340K [0x00000000c0000000, 0x00000000c7400000, 0x00000000eab00000)
  object space 118784K, 89% used [0x00000000c0000000,0x00000000c67d9368,0x00000000c7400000)
 Metaspace       used 55886K, committed 56768K, reserved 1105920K
  class space    used 6076K, committed 6464K, reserved 1048576K
}
Event: 12.118 GC heap before
{Heap before GC invocations=70 (full 4):
 PSYoungGen      total 8192K, used 8052K [0x00000000eab00000, 0x00000000eb580000, 0x0000000100000000)
  eden space 6656K, 100% used [0x00000000eab00000,0x00000000eb180000,0x00000000eb180000)
  from space 1536K, 90% used [0x00000000eb180000,0x00000000eb2dd128,0x00000000eb300000)
  to   space 2048K, 0% used [0x00000000eb380000,0x00000000eb380000,0x00000000eb580000)
 ParOldGen       total 118784K, used 106340K [0x00000000c0000000, 0x00000000c7400000, 0x00000000eab00000)
  object space 118784K, 89% used [0x00000000c0000000,0x00000000c67d9368,0x00000000c7400000)
 Metaspace       used 55923K, committed 56832K, reserved 1105920K
  class space    used 6077K, committed 6464K, reserved 1048576K
}
Event: 12.120 GC heap after
{Heap after GC invocations=70 (full 4):
 PSYoungGen      total 8192K, used 1324K [0x00000000eab00000, 0x00000000eb500000, 0x0000000100000000)
  eden space 6656K, 0% used [0x00000000eab00000,0x00000000eab00000,0x00000000eb180000)
  from space 1536K, 86% used [0x00000000eb380000,0x00000000eb4cb048,0x00000000eb500000)
  to   space 1536K, 0% used [0x00000000eb180000,0x00000000eb180000,0x00000000eb300000)
 ParOldGen       total 118784K, used 107653K [0x00000000c0000000, 0x00000000c7400000, 0x00000000eab00000)
  object space 118784K, 90% used [0x00000000c0000000,0x00000000c69216c8,0x00000000c7400000)
 Metaspace       used 55923K, committed 56832K, reserved 1105920K
  class space    used 6077K, committed 6464K, reserved 1048576K
}

